1
0
1
ASSEMBLY
1
PART-1-1
PART-1
1
PART-1-1
30
1 1
2 2
3 3
4 4
5 5
6 6
7 7
8 8
9 9
10 10
11 11
12 12
13 13
14 14
15 15
16 16
17 17
18 18
19 19
20 20
21 21
22 22
23 23
24 24
25 25
26 26
27 27
28 28
29 29
30 30
-2147483647
0
1
PART-1-1
19
1 1
2 2
3 3
4 4
5 5
6 6
7 7
8 8
9 9
10 10
11 11
12 12
13 13
14 14
15 15
16 16
17 17
18 18
19 19
-2147483647
0
4
_PICKEDSET4
0
2
0
1
PART-1-1
4
11 13 14 15 
0
_PICKEDSET6
0
2
0
1
PART-1-1
19
1 2 3 4 5 6 7 8 9 10 11 12 13 14 15 16 17 18 19 
0
__PICKEDSURF5_S1
0
2
0
1
PART-1-1
2
10 11 
0
__PICKEDSURF5_S2
0
2
0
1
PART-1-1
3
5 7 9 
0
1
PART-1-1
1
SET-8
0
1
19
1 2 3 4 5 6 7 8 9 10 11 12 13 14 15 16 17 18 19 
0
0
0
2
_PICKEDSET4
0
2
0
1
PART-1-1
5
7 8 9 21 23 
0
_PICKEDSET6
0
2
0
1
PART-1-1
30
1 2 3 4 5 6 7 8 9 10 11 12 13 14 15 16 17 18 19 20 21 22 23 24 25 26 27 28 29 30 
0
1
PART-1-1
1
SET-8
0
1
30
1 2 3 4 5 6 7 8 9 10 11 12 13 14 15 16 17 18 19 20 21 22 23 24 25 26 27 28 29 30 
0
0
0
0
1
_PICKEDSURF5
1
0
0
1
PART-1-1
0
0
2
S2
3
5 7 9 
S1
2
10 11 
